  [1m[35m (1.5ms)[0m  [1m[34mSELECT sqlite_version(*)[0m
  [1m[35m (208.1ms)[0m  [1m[35mCREATE TABLE "schema_migrations" ("version" varchar NOT NULL PRIMARY KEY)[0m
  [1m[35m (84.3ms)[0m  [1m[35mCREATE TABLE "ar_internal_metadata" ("key" varchar NOT NULL PRIMARY KEY, "value" varchar, "created_at" datetime(6) NOT NULL, "updated_at" datetime(6) NOT NULL)[0m
  [1m[35m (0.3ms)[0m  [1m[34mSELECT "schema_migrations"."version" FROM "schema_migrations" ORDER BY "schema_migrations"."version" ASC[0m
Migrating to CreateVideos (20220426093421)
  [1m[36mTRANSACTION (0.1ms)[0m  [1m[36mbegin transaction[0m
  [1m[35m (0.6ms)[0m  [1m[35mCREATE TABLE "videos" ("id" integer PRIMARY KEY AUTOINCREMENT NOT NULL, "title" varchar, "file" varchar, "created_at" datetime(6) NOT NULL, "updated_at" datetime(6) NOT NULL)[0m
  [1m[36mActiveRecord::SchemaMigration Create (0.3ms)[0m  [1m[32mINSERT INTO "schema_migrations" ("version") VALUES (?)[0m  [["version", "20220426093421"]]
  [1m[36mTRANSACTION (143.2ms)[0m  [1m[36mcommit transaction[0m
  [1m[36mActiveRecord::InternalMetadata Load (0.7ms)[0m  [1m[34mSELECT "ar_internal_metadata".* FROM "ar_internal_metadata" WHERE "ar_internal_metadata"."key" = ? LIMIT ?[0m  [["key", "environment"], ["LIMIT", 1]]
  [1m[36mTRANSACTION (0.2ms)[0m  [1m[36mbegin transaction[0m
  [1m[36mActiveRecord::InternalMetadata Create (0.4ms)[0m  [1m[32mINSERT INTO "ar_internal_metadata" ("key", "value", "created_at", "updated_at") VALUES (?, ?, ?, ?)[0m  [["key", "environment"], ["value", "development"], ["created_at", "2022-04-26 09:34:33.985737"], ["updated_at", "2022-04-26 09:34:33.985737"]]
  [1m[36mTRANSACTION (121.7ms)[0m  [1m[36mcommit transaction[0m
  [1m[35m (0.2ms)[0m  [1m[34mSELECT sqlite_version(*)[0m
  [1m[35m (0.4ms)[0m  [1m[34mSELECT "schema_migrations"."version" FROM "schema_migrations" ORDER BY "schema_migrations"."version" ASC[0m
Started GET "/videos/new" for ::1 at 2022-04-26 15:06:40 +0530
  [1m[35m (1.6ms)[0m  [1m[34mSELECT sqlite_version(*)[0m
  [1m[35m (0.1ms)[0m  [1m[34mSELECT "schema_migrations"."version" FROM "schema_migrations" ORDER BY "schema_migrations"."version" ASC[0m
Processing by VideosController#new as HTML
  Rendering layout layouts/application.html.erb
  Rendering videos/new.html.erb within layouts/application
  Rendered videos/_form.html.erb (Duration: 66.6ms | Allocations: 5575)
  Rendered videos/new.html.erb within layouts/application (Duration: 81.4ms | Allocations: 6219)
[Webpacker] Compiling...
Started GET "/videos/new" for ::1 at 2022-04-26 15:06:45 +0530
Processing by VideosController#new as HTML
  Rendering layout layouts/application.html.erb
  Rendering videos/new.html.erb within layouts/application
  Rendered videos/_form.html.erb (Duration: 11.8ms | Allocations: 760)
  Rendered videos/new.html.erb within layouts/application (Duration: 13.5ms | Allocations: 875)
[Webpacker] Compiling...
[Webpacker] Compiled all packs in /home/kapil/videosite/public/packs
[Webpacker] Hash: 2034dd941d5476d8645c
Version: webpack 4.46.0
Time: 1971ms
Built at: 26/04/2022 3:06:45 pm
                                     Asset       Size       Chunks                         Chunk Names
    js/application-3dd0dc24d9c39bc09227.js    125 KiB  application  [emitted] [immutable]  application
js/application-3dd0dc24d9c39bc09227.js.map    139 KiB  application  [emitted] [dev]        application
                             manifest.json  364 bytes               [emitted]              
Entrypoint application = js/application-3dd0dc24d9c39bc09227.js js/application-3dd0dc24d9c39bc09227.js.map
[./app/javascript/channels sync recursive _channel\.js$] ./app/javascript/channels sync _channel\.js$ 160 bytes {application} [built]
[./app/javascript/channels/index.js] 211 bytes {application} [built]
[./app/javascript/packs/application.js] 492 bytes {application} [built]
[./node_modules/webpack/buildin/module.js] (webpack)/buildin/module.js 552 bytes {application} [built]
    + 3 hidden modules

  Rendered layout layouts/application.html.erb (Duration: 4512.9ms | Allocations: 31585)
Completed 200 OK in 4562ms (Views: 4516.8ms | ActiveRecord: 0.7ms | Allocations: 40515)


[Webpacker] Compiled all packs in /home/kapil/videosite/public/packs
[Webpacker] Hash: 2034dd941d5476d8645c
Version: webpack 4.46.0
Time: 1202ms
Built at: 26/04/2022 3:06:48 pm
                                     Asset       Size       Chunks                         Chunk Names
    js/application-3dd0dc24d9c39bc09227.js    125 KiB  application  [emitted] [immutable]  application
js/application-3dd0dc24d9c39bc09227.js.map    139 KiB  application  [emitted] [dev]        application
                             manifest.json  364 bytes               [emitted]              
Entrypoint application = js/application-3dd0dc24d9c39bc09227.js js/application-3dd0dc24d9c39bc09227.js.map
[./app/javascript/channels sync recursive _channel\.js$] ./app/javascript/channels sync _channel\.js$ 160 bytes {application} [built]
[./app/javascript/channels/index.js] 211 bytes {application} [built]
[./app/javascript/packs/application.js] 492 bytes {application} [built]
[./node_modules/webpack/buildin/module.js] (webpack)/buildin/module.js 552 bytes {application} [built]
    + 3 hidden modules

  Rendered layout layouts/application.html.erb (Duration: 2827.7ms | Allocations: 7424)
Completed 200 OK in 2831ms (Views: 2829.4ms | ActiveRecord: 0.0ms | Allocations: 7805)


Started POST "/videos" for ::1 at 2022-04-26 15:07:01 +0530
Processing by VideosController#create as HTML
  Parameters: {"authenticity_token"=>"[FILTERED]", "video"=>{"title"=>"", "file"=>""}, "commit"=>"Create Video"}
  [1m[36mTRANSACTION (0.1ms)[0m  [1m[36mbegin transaction[0m
  â†³ app/controllers/videos_controller.rb:27:in `block in create'
  [1m[36mVideo Create (0.8ms)[0m  [1m[32mINSERT INTO "videos" ("title", "created_at", "updated_at") VALUES (?, ?, ?)[0m  [["title", ""], ["created_at", "2022-04-26 09:37:01.183919"], ["updated_at", "2022-04-26 09:37:01.183919"]]
  â†³ app/controllers/videos_controller.rb:27:in `block in create'
  [1m[36mTRANSACTION (327.0ms)[0m  [1m[36mcommit transaction[0m
  â†³ app/controllers/videos_controller.rb:27:in `block in create'
Redirected to http://localhost:3000/videos/1
Completed 302 Found in 357ms (ActiveRecord: 327.9ms | Allocations: 5446)


Started GET "/videos/1" for ::1 at 2022-04-26 15:07:01 +0530
Processing by VideosController#show as HTML
  Parameters: {"id"=>"1"}
  [1m[36mVideo Load (0.4ms)[0m  [1m[34mSELECT "videos".* FROM "videos" WHERE "videos"."id" = ? LIMIT ?[0m  [["id", 1], ["LIMIT", 1]]
  â†³ app/controllers/videos_controller.rb:63:in `set_video'
  Rendering layout layouts/application.html.erb
  Rendering videos/show.html.erb within layouts/application
  Rendered videos/show.html.erb within layouts/application (Duration: 2.6ms | Allocations: 299)
[Webpacker] Everything's up-to-date. Nothing to do
  Rendered layout layouts/application.html.erb (Duration: 17.6ms | Allocations: 3578)
Completed 200 OK in 68ms (Views: 19.7ms | ActiveRecord: 0.4ms | Allocations: 9080)


Started GET "/videos/new" for ::1 at 2022-04-26 15:10:39 +0530
Processing by VideosController#new as HTML
  Rendering layout layouts/application.html.erb
  Rendering videos/new.html.erb within layouts/application
  Rendered videos/_form.html.erb (Duration: 21.2ms | Allocations: 5534)
  Rendered videos/new.html.erb within layouts/application (Duration: 23.4ms | Allocations: 5889)
[Webpacker] Everything's up-to-date. Nothing to do
  Rendered layout layouts/application.html.erb (Duration: 36.0ms | Allocations: 9018)
Completed 200 OK in 40ms (Views: 37.9ms | ActiveRecord: 0.0ms | Allocations: 10180)


Started POST "/videos" for ::1 at 2022-04-26 15:11:06 +0530
Processing by VideosController#create as HTML
  Parameters: {"authenticity_token"=>"[FILTERED]", "video"=>{"title"=>"here is vedio funny cat", "file"=>#<ActionDispatch::Http::UploadedFile:0x00000000045330c8 @tempfile=#<Tempfile:/tmp/RackMultipart20220426-14623-1gwkyxr.mp4>, @original_filename="Little Kitten Playing His Toy Mouse.mp4", @content_type="video/mp4", @headers="Content-Disposition: form-data; name=\"video[file]\"; filename=\"Little Kitten Playing His Toy Mouse.mp4\"\r\nContent-Type: video/mp4\r\n">}, "commit"=>"Create Video"}
  [1m[36mTRANSACTION (0.2ms)[0m  [1m[36mbegin transaction[0m
  â†³ app/controllers/videos_controller.rb:27:in `block in create'
  [1m[36mVideo Create (0.3ms)[0m  [1m[32mINSERT INTO "videos" ("title", "file", "created_at", "updated_at") VALUES (?, ?, ?, ?)[0m  [["title", "here is vedio funny cat"], ["file", "Little_Kitten_Playing_His_Toy_Mouse.mp4"], ["created_at", "2022-04-26 09:41:06.092074"], ["updated_at", "2022-04-26 09:41:06.092074"]]
  â†³ app/controllers/videos_controller.rb:27:in `block in create'
  [1m[36mTRANSACTION (124.4ms)[0m  [1m[36mcommit transaction[0m
  â†³ app/controllers/videos_controller.rb:27:in `block in create'
Redirected to http://localhost:3000/videos/2
Completed 302 Found in 209ms (ActiveRecord: 125.0ms | Allocations: 9296)


Started GET "/videos/2" for ::1 at 2022-04-26 15:11:06 +0530
Processing by VideosController#show as HTML
  Parameters: {"id"=>"2"}
  [1m[36mVideo Load (0.2ms)[0m  [1m[34mSELECT "videos".* FROM "videos" WHERE "videos"."id" = ? LIMIT ?[0m  [["id", 2], ["LIMIT", 1]]
  â†³ app/controllers/videos_controller.rb:63:in `set_video'
  Rendering layout layouts/application.html.erb
  Rendering videos/show.html.erb within layouts/application
  Rendered videos/show.html.erb within layouts/application (Duration: 3.0ms | Allocations: 342)
[Webpacker] Everything's up-to-date. Nothing to do
  Rendered layout layouts/application.html.erb (Duration: 13.0ms | Allocations: 3676)
Completed 200 OK in 21ms (Views: 14.1ms | ActiveRecord: 0.2ms | Allocations: 4798)


Started GET "/videos/2" for ::1 at 2022-04-26 15:12:02 +0530
Processing by VideosController#show as HTML
  Parameters: {"id"=>"2"}
  [1m[36mVideo Load (0.2ms)[0m  [1m[34mSELECT "videos".* FROM "videos" WHERE "videos"."id" = ? LIMIT ?[0m  [["id", 2], ["LIMIT", 1]]
  â†³ app/controllers/videos_controller.rb:63:in `set_video'
  Rendering layout layouts/application.html.erb
  Rendering videos/show.html.erb within layouts/application
  Rendered videos/show.html.erb within layouts/application (Duration: 1.2ms | Allocations: 319)
[Webpacker] Everything's up-to-date. Nothing to do
  Rendered layout layouts/application.html.erb (Duration: 9.4ms | Allocations: 3546)
Completed 200 OK in 18ms (Views: 12.8ms | ActiveRecord: 0.2ms | Allocations: 5270)


Started GET "/" for ::1 at 2022-04-26 15:12:36 +0530
Processing by Rails::WelcomeController#index as HTML
  Rendering /home/kapil/.rvm/gems/ruby-2.6.5/gems/railties-6.1.5/lib/rails/templates/rails/welcome/index.html.erb
  Rendered /home/kapil/.rvm/gems/ruby-2.6.5/gems/railties-6.1.5/lib/rails/templates/rails/welcome/index.html.erb (Duration: 113.4ms | Allocations: 226)
Completed 200 OK in 123ms (Views: 117.8ms | ActiveRecord: 0.0ms | Allocations: 1001)


Started GET "/videos" for ::1 at 2022-04-26 15:12:42 +0530
Processing by VideosController#index as HTML
  Rendering layout layouts/application.html.erb
  Rendering videos/index.html.erb within layouts/application
  [1m[36mVideo Load (0.2ms)[0m  [1m[34mSELECT "videos".* FROM "videos"[0m
  â†³ app/views/videos/index.html.erb:15
  Rendered videos/index.html.erb within layouts/application (Duration: 6.3ms | Allocations: 1352)
[Webpacker] Everything's up-to-date. Nothing to do
  Rendered layout layouts/application.html.erb (Duration: 16.2ms | Allocations: 5496)
Completed 200 OK in 20ms (Views: 17.7ms | ActiveRecord: 0.2ms | Allocations: 6673)


Started GET "/videos" for ::1 at 2022-04-26 15:12:45 +0530
Processing by VideosController#index as HTML
  Rendering layout layouts/application.html.erb
  Rendering videos/index.html.erb within layouts/application
  [1m[36mVideo Load (0.2ms)[0m  [1m[34mSELECT "videos".* FROM "videos"[0m
  â†³ app/views/videos/index.html.erb:15
  Rendered videos/index.html.erb within layouts/application (Duration: 2.7ms | Allocations: 1024)
[Webpacker] Everything's up-to-date. Nothing to do
  Rendered layout layouts/application.html.erb (Duration: 6.6ms | Allocations: 4075)
Completed 200 OK in 9ms (Views: 7.3ms | ActiveRecord: 0.2ms | Allocations: 4505)


Started DELETE "/videos/1" for ::1 at 2022-04-26 15:12:50 +0530
Processing by VideosController#destroy as HTML
  Parameters: {"authenticity_token"=>"[FILTERED]", "id"=>"1"}
  [1m[36mVideo Load (0.2ms)[0m  [1m[34mSELECT "videos".* FROM "videos" WHERE "videos"."id" = ? LIMIT ?[0m  [["id", 1], ["LIMIT", 1]]
  â†³ app/controllers/videos_controller.rb:63:in `set_video'
  [1m[36mTRANSACTION (0.1ms)[0m  [1m[36mbegin transaction[0m
  â†³ app/controllers/videos_controller.rb:52:in `destroy'
  [1m[36mVideo Destroy (0.3ms)[0m  [1m[31mDELETE FROM "videos" WHERE "videos"."id" = ?[0m  [["id", 1]]
  â†³ app/controllers/videos_controller.rb:52:in `destroy'
  [1m[36mTRANSACTION (415.1ms)[0m  [1m[36mcommit transaction[0m
  â†³ app/controllers/videos_controller.rb:52:in `destroy'
Redirected to http://localhost:3000/videos
Completed 302 Found in 441ms (ActiveRecord: 415.7ms | Allocations: 4825)


Started GET "/videos" for ::1 at 2022-04-26 15:12:50 +0530
Processing by VideosController#index as HTML
  Rendering layout layouts/application.html.erb
  Rendering videos/index.html.erb within layouts/application
  [1m[36mVideo Load (0.6ms)[0m  [1m[34mSELECT "videos".* FROM "videos"[0m
  â†³ app/views/videos/index.html.erb:15
  Rendered videos/index.html.erb within layouts/application (Duration: 15.2ms | Allocations: 884)
[Webpacker] Everything's up-to-date. Nothing to do
  Rendered layout layouts/application.html.erb (Duration: 43.6ms | Allocations: 3933)
Completed 200 OK in 47ms (Views: 44.8ms | ActiveRecord: 0.6ms | Allocations: 4362)


Started GET "/videos/2" for ::1 at 2022-04-26 15:12:53 +0530
Processing by VideosController#show as HTML
  Parameters: {"id"=>"2"}
  [1m[36mVideo Load (0.1ms)[0m  [1m[34mSELECT "videos".* FROM "videos" WHERE "videos"."id" = ? LIMIT ?[0m  [["id", 2], ["LIMIT", 1]]
  â†³ app/controllers/videos_controller.rb:63:in `set_video'
  Rendering layout layouts/application.html.erb
  Rendering videos/show.html.erb within layouts/application
  Rendered videos/show.html.erb within layouts/application (Duration: 0.9ms | Allocations: 318)
[Webpacker] Everything's up-to-date. Nothing to do
  Rendered layout layouts/application.html.erb (Duration: 17.4ms | Allocations: 3944)
Completed 200 OK in 23ms (Views: 18.1ms | ActiveRecord: 0.1ms | Allocations: 5061)


Started GET "/videos/new" for ::1 at 2022-04-26 15:13:01 +0530
Processing by VideosController#new as HTML
  Rendering layout layouts/application.html.erb
  Rendering videos/new.html.erb within layouts/application
  Rendered videos/_form.html.erb (Duration: 17.4ms | Allocations: 1027)
  Rendered videos/new.html.erb within layouts/application (Duration: 25.1ms | Allocations: 1383)
[Webpacker] Everything's up-to-date. Nothing to do
  Rendered layout layouts/application.html.erb (Duration: 55.4ms | Allocations: 5008)
Completed 200 OK in 62ms (Views: 57.2ms | ActiveRecord: 0.0ms | Allocations: 5568)


Started POST "/videos" for ::1 at 2022-04-26 15:14:28 +0530
Processing by VideosController#create as HTML
  Parameters: {"authenticity_token"=>"[FILTERED]", "video"=>{"title"=>"here video ", "file"=>#<ActionDispatch::Http::UploadedFile:0x00007fb7e9e72478 @tempfile=#<Tempfile:/tmp/RackMultipart20220426-14623-ggag33.mp4>, @original_filename="VID_20220421_222922_547.mp4", @content_type="video/mp4", @headers="Content-Disposition: form-data; name=\"video[file]\"; filename=\"VID_20220421_222922_547.mp4\"\r\nContent-Type: video/mp4\r\n">}, "commit"=>"Create Video"}
  [1m[36mTRANSACTION (122.3ms)[0m  [1m[36mbegin transaction[0m
  â†³ app/controllers/videos_controller.rb:27:in `block in create'
  [1m[36mVideo Create (185.2ms)[0m  [1m[32mINSERT INTO "videos" ("title", "file", "created_at", "updated_at") VALUES (?, ?, ?, ?)[0m  [["title", "here video "], ["file", "VID_20220421_222922_547.mp4"], ["created_at", "2022-04-26 09:44:54.616140"], ["updated_at", "2022-04-26 09:44:54.616140"]]
  â†³ app/controllers/videos_controller.rb:27:in `block in create'
  [1m[36mTRANSACTION (7995.2ms)[0m  [1m[36mcommit transaction[0m
  â†³ app/controllers/videos_controller.rb:27:in `block in create'
Redirected to http://localhost:3000/videos/3
Completed 302 Found in 49775ms (ActiveRecord: 8302.6ms | Allocations: 6117)


Started GET "/videos" for ::1 at 2022-04-26 15:17:24 +0530
  [1m[35m (3.1ms)[0m  [1m[34mSELECT sqlite_version(*)[0m
  [1m[35m (0.7ms)[0m  [1m[34mSELECT "schema_migrations"."version" FROM "schema_migrations" ORDER BY "schema_migrations"."version" ASC[0m
Processing by VideosController#index as HTML
  Rendering layout layouts/application.html.erb
  Rendering videos/index.html.erb within layouts/application
  [1m[36mVideo Load (0.2ms)[0m  [1m[34mSELECT "videos".* FROM "videos"[0m
  â†³ app/views/videos/index.html.erb:15
  Rendered videos/index.html.erb within layouts/application (Duration: 22.9ms | Allocations: 4927)
[Webpacker] Everything's up-to-date. Nothing to do
  Rendered layout layouts/application.html.erb (Duration: 142.3ms | Allocations: 10533)
Completed 200 OK in 252ms (Views: 167.5ms | ActiveRecord: 2.1ms | Allocations: 14467)


Started GET "/videos/3" for ::1 at 2022-04-26 15:17:28 +0530
Processing by VideosController#show as HTML
  Parameters: {"id"=>"3"}
  [1m[36mVideo Load (10.9ms)[0m  [1m[34mSELECT "videos".* FROM "videos" WHERE "videos"."id" = ? LIMIT ?[0m  [["id", 3], ["LIMIT", 1]]
  â†³ app/controllers/videos_controller.rb:63:in `set_video'
  Rendering layout layouts/application.html.erb
  Rendering videos/show.html.erb within layouts/application
  Rendered videos/show.html.erb within layouts/application (Duration: 231.1ms | Allocations: 420)
[Webpacker] Everything's up-to-date. Nothing to do
  Rendered layout layouts/application.html.erb (Duration: 236.5ms | Allocations: 3488)
Completed 200 OK in 464ms (Views: 237.8ms | ActiveRecord: 10.9ms | Allocations: 5539)


Started GET "/videos" for ::1 at 2022-04-26 15:17:41 +0530
Processing by VideosController#index as HTML
  Rendering layout layouts/application.html.erb
  Rendering videos/index.html.erb within layouts/application
  [1m[36mVideo Load (0.4ms)[0m  [1m[34mSELECT "videos".* FROM "videos"[0m
  â†³ app/views/videos/index.html.erb:15
  Rendered videos/index.html.erb within layouts/application (Duration: 13.9ms | Allocations: 1047)
[Webpacker] Everything's up-to-date. Nothing to do
  Rendered layout layouts/application.html.erb (Duration: 27.1ms | Allocations: 4097)
Completed 200 OK in 31ms (Views: 29.3ms | ActiveRecord: 0.4ms | Allocations: 4526)


Started DELETE "/videos/3" for ::1 at 2022-04-26 15:17:46 +0530
Processing by VideosController#destroy as HTML
  Parameters: {"authenticity_token"=>"[FILTERED]", "id"=>"3"}
  [1m[36mVideo Load (0.1ms)[0m  [1m[34mSELECT "videos".* FROM "videos" WHERE "videos"."id" = ? LIMIT ?[0m  [["id", 3], ["LIMIT", 1]]
  â†³ app/controllers/videos_controller.rb:63:in `set_video'
  [1m[36mTRANSACTION (0.5ms)[0m  [1m[36mbegin transaction[0m
  â†³ app/controllers/videos_controller.rb:52:in `destroy'
  [1m[36mVideo Destroy (0.3ms)[0m  [1m[31mDELETE FROM "videos" WHERE "videos"."id" = ?[0m  [["id", 3]]
  â†³ app/controllers/videos_controller.rb:52:in `destroy'
  [1m[36mTRANSACTION (520.3ms)[0m  [1m[36mcommit transaction[0m
  â†³ app/controllers/videos_controller.rb:52:in `destroy'
Redirected to http://localhost:3000/videos
Completed 302 Found in 586ms (ActiveRecord: 521.2ms | Allocations: 5027)


Started GET "/videos" for ::1 at 2022-04-26 15:17:46 +0530
Processing by VideosController#index as HTML
  Rendering layout layouts/application.html.erb
  Rendering videos/index.html.erb within layouts/application
  [1m[36mVideo Load (0.3ms)[0m  [1m[34mSELECT "videos".* FROM "videos"[0m
  â†³ app/views/videos/index.html.erb:15
  Rendered videos/index.html.erb within layouts/application (Duration: 10.4ms | Allocations: 884)
[Webpacker] Everything's up-to-date. Nothing to do
  Rendered layout layouts/application.html.erb (Duration: 42.7ms | Allocations: 4220)
Completed 200 OK in 49ms (Views: 45.0ms | ActiveRecord: 0.3ms | Allocations: 4651)


Started GET "/videos/new" for ::1 at 2022-04-26 15:18:58 +0530
Processing by VideosController#new as HTML
  Rendering layout layouts/application.html.erb
  Rendering videos/new.html.erb within layouts/application
  Rendered videos/_form.html.erb (Duration: 251.4ms | Allocations: 7376)
  Rendered videos/new.html.erb within layouts/application (Duration: 690.4ms | Allocations: 7745)
[Webpacker] Everything's up-to-date. Nothing to do
  Rendered layout layouts/application.html.erb (Duration: 707.5ms | Allocations: 10696)
Completed 200 OK in 709ms (Views: 708.2ms | ActiveRecord: 0.0ms | Allocations: 11260)


Started POST "/videos" for ::1 at 2022-04-26 15:20:51 +0530
Processing by VideosController#create as HTML
  Parameters: {"authenticity_token"=>"[FILTERED]", "video"=>{"title"=>""}, "commit"=>"Create Video"}
  [1m[36mTRANSACTION (0.3ms)[0m  [1m[36mbegin transaction[0m
  â†³ app/controllers/videos_controller.rb:27:in `block in create'
  [1m[36mVideo Create (1.9ms)[0m  [1m[32mINSERT INTO "videos" ("title", "created_at", "updated_at") VALUES (?, ?, ?)[0m  [["title", ""], ["created_at", "2022-04-26 09:50:51.635823"], ["updated_at", "2022-04-26 09:50:51.635823"]]
  â†³ app/controllers/videos_controller.rb:27:in `block in create'
  [1m[36mTRANSACTION (1228.2ms)[0m  [1m[36mcommit transaction[0m
  â†³ app/controllers/videos_controller.rb:27:in `block in create'
Redirected to http://localhost:3000/videos/4
Completed 302 Found in 1273ms (ActiveRecord: 1230.4ms | Allocations: 4867)


Started GET "/videos/4" for ::1 at 2022-04-26 15:20:52 +0530
Processing by VideosController#show as HTML
  Parameters: {"id"=>"4"}
  [1m[36mVideo Load (1.0ms)[0m  [1m[34mSELECT "videos".* FROM "videos" WHERE "videos"."id" = ? LIMIT ?[0m  [["id", 4], ["LIMIT", 1]]
  â†³ app/controllers/videos_controller.rb:63:in `set_video'
  Rendering layout layouts/application.html.erb
  Rendering videos/show.html.erb within layouts/application
  Rendered videos/show.html.erb within layouts/application (Duration: 39.4ms | Allocations: 1909)
  Rendered layout layouts/application.html.erb (Duration: 40.4ms | Allocations: 1991)
Completed 500 Internal Server Error in 57ms (ActiveRecord: 1.0ms | Allocations: 3704)


  
ActionView::SyntaxErrorInTemplate (Encountered a syntax error while rendering template: check <p id="notice"><%= notice %></p>

<p>
  <strong>Title:</strong>
  <%= @video.title %>
</p>

<p>
  <strong>File:</strong>
  <video controls width="640" height="480" src="<%= https://c.tenor.com/X-IKT9noWHwAAAAM/kohli-dance.gif %>"></video>
</p>

<%= link_to 'Edit', edit_video_path(@video) %> |
<%= link_to 'Back', videos_path %>
):
1:    <p id="notice"><%= notice %></p>
2:    
3:    <p>
4:      <strong>Title:</strong>
5:      <%= @video.title %>
6:    </p>
7:    
8:    <p>
9:      <strong>File:</strong>
10:      <video controls width="640" height="480" src="<%= https://c.tenor.com/X-IKT9noWHwAAAAM/kohli-dance.gif %>"></video>
11:    </p>
12:    
13:    <%= link_to 'Edit', edit_video_path(@video) %> |
14:    <%= link_to 'Back', videos_path %>
  
app/views/videos/show.html.erb:10: syntax error, unexpected tLABEL
app/views/videos/show.html.erb:10: unknown regexp option - c
app/views/videos/show.html.erb:10: syntax error, unexpected tLABEL
app/views/videos/show.html.erb:10: unknown regexp option - c
app/views/videos/show.html.erb:10: syntax error, unexpected tLABEL
app/views/videos/show.html.erb:10: unknown regexp option - c
app/views/videos/show.html.erb:10: syntax error, unexpected tLABEL
app/views/videos/show.html.erb:10: unknown regexp option - c
app/views/videos/show.html.erb:10: syntax error, unexpected tLABEL
app/views/videos/show.html.erb:10: unknown regexp option - c
app/views/videos/show.html.erb:10: syntax error, unexpected tLABEL
app/views/videos/show.html.erb:10: unknown regexp option - c
Started GET "/videos/4" for ::1 at 2022-04-26 15:21:58 +0530
Processing by VideosController#show as HTML
  Parameters: {"id"=>"4"}
  [1m[36mVideo Load (0.2ms)[0m  [1m[34mSELECT "videos".* FROM "videos" WHERE "videos"."id" = ? LIMIT ?[0m  [["id", 4], ["LIMIT", 1]]
  â†³ app/controllers/videos_controller.rb:63:in `set_video'
  Rendering layout layouts/application.html.erb
  Rendering videos/show.html.erb within layouts/application
  Rendered videos/show.html.erb within layouts/application (Duration: 7.6ms | Allocations: 1560)
  Rendered layout layouts/application.html.erb (Duration: 8.1ms | Allocations: 1641)
Completed 500 Internal Server Error in 13ms (ActiveRecord: 0.2ms | Allocations: 3507)


  
ActionView::Template::Error (uninitialized constant #<Class:0x00007f691c82e560>::X):
     7: 
     8: <p>
     9:   <strong>File:</strong>
    10:   <video controls width="640" height="480" src="<%= X-IKT9noWHwAAAAM/kohli-dance.gif %>"></video>
    11: </p>
    12: 
    13: <%= link_to 'Edit', edit_video_path(@video) %> |
  
app/views/videos/show.html.erb:10
Started GET "/videos/4" for ::1 at 2022-04-26 15:23:50 +0530
Processing by VideosController#show as HTML
  Parameters: {"id"=>"4"}
  [1m[36mVideo Load (0.6ms)[0m  [1m[34mSELECT "videos".* FROM "videos" WHERE "videos"."id" = ? LIMIT ?[0m  [["id", 4], ["LIMIT", 1]]
  â†³ app/controllers/videos_controller.rb:63:in `set_video'
  Rendering layout layouts/application.html.erb
  Rendering videos/show.html.erb within layouts/application
  Rendered videos/show.html.erb within layouts/application (Duration: 1.2ms | Allocations: 276)
[Webpacker] Everything's up-to-date. Nothing to do
  Rendered layout layouts/application.html.erb (Duration: 7.2ms | Allocations: 3634)
Completed 200 OK in 15ms (Views: 10.0ms | ActiveRecord: 0.6ms | Allocations: 5386)


Started GET "/videos" for ::1 at 2022-04-26 15:23:59 +0530
Processing by VideosController#index as HTML
  Rendering layout layouts/application.html.erb
  Rendering videos/index.html.erb within layouts/application
  [1m[36mVideo Load (0.3ms)[0m  [1m[34mSELECT "videos".* FROM "videos"[0m
  â†³ app/views/videos/index.html.erb:15
  Rendered videos/index.html.erb within layouts/application (Duration: 6.2ms | Allocations: 1329)
[Webpacker] Everything's up-to-date. Nothing to do
  Rendered layout layouts/application.html.erb (Duration: 16.9ms | Allocations: 4949)
Completed 200 OK in 20ms (Views: 17.8ms | ActiveRecord: 0.3ms | Allocations: 5520)


Started DELETE "/videos/4" for ::1 at 2022-04-26 15:24:03 +0530
Processing by VideosController#destroy as HTML
  Parameters: {"authenticity_token"=>"[FILTERED]", "id"=>"4"}
  [1m[36mVideo Load (0.7ms)[0m  [1m[34mSELECT "videos".* FROM "videos" WHERE "videos"."id" = ? LIMIT ?[0m  [["id", 4], ["LIMIT", 1]]
  â†³ app/controllers/videos_controller.rb:63:in `set_video'
  [1m[36mTRANSACTION (0.2ms)[0m  [1m[36mbegin transaction[0m
  â†³ app/controllers/videos_controller.rb:52:in `destroy'
  [1m[36mVideo Destroy (0.9ms)[0m  [1m[31mDELETE FROM "videos" WHERE "videos"."id" = ?[0m  [["id", 4]]
  â†³ app/controllers/videos_controller.rb:52:in `destroy'
  [1m[36mTRANSACTION (1166.1ms)[0m  [1m[36mcommit transaction[0m
  â†³ app/controllers/videos_controller.rb:52:in `destroy'
Redirected to http://localhost:3000/videos
Completed 302 Found in 1199ms (ActiveRecord: 1167.9ms | Allocations: 4890)


Started GET "/videos" for ::1 at 2022-04-26 15:24:05 +0530
Processing by VideosController#index as HTML
  Rendering layout layouts/application.html.erb
  Rendering videos/index.html.erb within layouts/application
  [1m[36mVideo Load (0.1ms)[0m  [1m[34mSELECT "videos".* FROM "videos"[0m
  â†³ app/views/videos/index.html.erb:15
  Rendered videos/index.html.erb within layouts/application (Duration: 1.5ms | Allocations: 884)
[Webpacker] Everything's up-to-date. Nothing to do
  Rendered layout layouts/application.html.erb (Duration: 4.6ms | Allocations: 3933)
Completed 200 OK in 5ms (Views: 4.9ms | ActiveRecord: 0.1ms | Allocations: 4362)


Started GET "/videos" for ::1 at 2022-04-26 15:25:39 +0530
  [1m[35m (0.4ms)[0m  [1m[34mSELECT sqlite_version(*)[0m
  [1m[35m (0.2ms)[0m  [1m[34mSELECT "schema_migrations"."version" FROM "schema_migrations" ORDER BY "schema_migrations"."version" ASC[0m
Processing by VideosController#index as HTML
  Rendering layout layouts/application.html.erb
  Rendering videos/index.html.erb within layouts/application
  [1m[36mVideo Load (0.2ms)[0m  [1m[34mSELECT "videos".* FROM "videos"[0m
  â†³ app/views/videos/index.html.erb:15
  Rendered videos/index.html.erb within layouts/application (Duration: 18.0ms | Allocations: 4765)
[Webpacker] Everything's up-to-date. Nothing to do
  Rendered layout layouts/application.html.erb (Duration: 36.8ms | Allocations: 10371)
Completed 200 OK in 65ms (Views: 42.6ms | ActiveRecord: 0.6ms | Allocations: 14374)


Started GET "/videos/new" for ::1 at 2022-04-26 15:25:42 +0530
Processing by VideosController#new as HTML
  Rendering layout layouts/application.html.erb
  Rendering videos/new.html.erb within layouts/application
  Rendered videos/_form.html.erb (Duration: 4.6ms | Allocations: 3112)
  Rendered videos/new.html.erb within layouts/application (Duration: 5.9ms | Allocations: 3494)
[Webpacker] Everything's up-to-date. Nothing to do
  Rendered layout layouts/application.html.erb (Duration: 9.3ms | Allocations: 6563)
Completed 200 OK in 13ms (Views: 10.9ms | ActiveRecord: 0.0ms | Allocations: 7172)


Started POST "/videos" for ::1 at 2022-04-26 15:25:44 +0530
Processing by VideosController#create as HTML
  Parameters: {"authenticity_token"=>"[FILTERED]", "video"=>{"title"=>""}, "commit"=>"Create Video"}
  [1m[36mTRANSACTION (0.2ms)[0m  [1m[36mbegin transaction[0m
  â†³ app/controllers/videos_controller.rb:27:in `block in create'
  [1m[36mVideo Create (2.0ms)[0m  [1m[32mINSERT INTO "videos" ("title", "created_at", "updated_at") VALUES (?, ?, ?)[0m  [["title", ""], ["created_at", "2022-04-26 09:55:44.489577"], ["updated_at", "2022-04-26 09:55:44.489577"]]
  â†³ app/controllers/videos_controller.rb:27:in `block in create'
  [1m[36mTRANSACTION (1500.1ms)[0m  [1m[36mcommit transaction[0m
  â†³ app/controllers/videos_controller.rb:27:in `block in create'
Redirected to http://localhost:3000/videos/5
Completed 302 Found in 1534ms (ActiveRecord: 1502.3ms | Allocations: 5015)


Started GET "/videos/5" for ::1 at 2022-04-26 15:25:46 +0530
Processing by VideosController#show as HTML
  Parameters: {"id"=>"5"}
  [1m[36mVideo Load (1.2ms)[0m  [1m[34mSELECT "videos".* FROM "videos" WHERE "videos"."id" = ? LIMIT ?[0m  [["id", 5], ["LIMIT", 1]]
  â†³ app/controllers/videos_controller.rb:63:in `set_video'
  Rendering layout layouts/application.html.erb
  Rendering videos/show.html.erb within layouts/application
  Rendered videos/show.html.erb within layouts/application (Duration: 1.6ms | Allocations: 261)
[Webpacker] Everything's up-to-date. Nothing to do
  Rendered layout layouts/application.html.erb (Duration: 13.0ms | Allocations: 3311)
Completed 200 OK in 30ms (Views: 15.1ms | ActiveRecord: 1.2ms | Allocations: 5067)


Started GET "/videos" for ::1 at 2022-04-26 15:25:55 +0530
Processing by VideosController#index as HTML
  Rendering layout layouts/application.html.erb
  Rendering videos/index.html.erb within layouts/application
  [1m[36mVideo Load (0.3ms)[0m  [1m[34mSELECT "videos".* FROM "videos"[0m
  â†³ app/views/videos/index.html.erb:15
  Rendered videos/index.html.erb within layouts/application (Duration: 7.1ms | Allocations: 1019)
[Webpacker] Everything's up-to-date. Nothing to do
  Rendered layout layouts/application.html.erb (Duration: 22.5ms | Allocations: 4640)
Completed 200 OK in 26ms (Views: 24.0ms | ActiveRecord: 0.3ms | Allocations: 5076)


Started DELETE "/videos/5" for ::1 at 2022-04-26 15:25:59 +0530
Processing by VideosController#destroy as HTML
  Parameters: {"authenticity_token"=>"[FILTERED]", "id"=>"5"}
  [1m[36mVideo Load (0.7ms)[0m  [1m[34mSELECT "videos".* FROM "videos" WHERE "videos"."id" = ? LIMIT ?[0m  [["id", 5], ["LIMIT", 1]]
  â†³ app/controllers/videos_controller.rb:63:in `set_video'
  [1m[36mTRANSACTION (0.5ms)[0m  [1m[36mbegin transaction[0m
  â†³ app/controllers/videos_controller.rb:52:in `destroy'
  [1m[36mVideo Destroy (0.7ms)[0m  [1m[31mDELETE FROM "videos" WHERE "videos"."id" = ?[0m  [["id", 5]]
  â†³ app/controllers/videos_controller.rb:52:in `destroy'
  [1m[36mTRANSACTION (1089.6ms)[0m  [1m[36mcommit transaction[0m
  â†³ app/controllers/videos_controller.rb:52:in `destroy'
Redirected to http://localhost:3000/videos
Completed 302 Found in 1155ms (ActiveRecord: 1091.5ms | Allocations: 5034)


Started GET "/videos" for ::1 at 2022-04-26 15:26:00 +0530
Processing by VideosController#index as HTML
  Rendering layout layouts/application.html.erb
  Rendering videos/index.html.erb within layouts/application
  [1m[36mVideo Load (0.2ms)[0m  [1m[34mSELECT "videos".* FROM "videos"[0m
  â†³ app/views/videos/index.html.erb:15
  Rendered videos/index.html.erb within layouts/application (Duration: 6.2ms | Allocations: 885)
[Webpacker] Everything's up-to-date. Nothing to do
  Rendered layout layouts/application.html.erb (Duration: 16.3ms | Allocations: 3934)
Completed 200 OK in 19ms (Views: 17.2ms | ActiveRecord: 0.2ms | Allocations: 4363)


Started GET "/videos/new" for ::1 at 2022-04-26 15:26:54 +0530
  [1m[35m (0.3ms)[0m  [1m[34mSELECT sqlite_version(*)[0m
  [1m[35m (0.1ms)[0m  [1m[34mSELECT "schema_migrations"."version" FROM "schema_migrations" ORDER BY "schema_migrations"."version" ASC[0m
Processing by VideosController#new as HTML
  Rendering layout layouts/application.html.erb
  Rendering videos/new.html.erb within layouts/application
  Rendered videos/_form.html.erb (Duration: 7.3ms | Allocations: 3098)
  Rendered videos/new.html.erb within layouts/application (Duration: 8.8ms | Allocations: 3579)
[Webpacker] Everything's up-to-date. Nothing to do
  Rendered layout layouts/application.html.erb (Duration: 21.5ms | Allocations: 9174)
Completed 200 OK in 51ms (Views: 26.9ms | ActiveRecord: 0.4ms | Allocations: 16961)


Started POST "/videos" for ::1 at 2022-04-26 15:27:03 +0530
Processing by VideosController#create as HTML
  Parameters: {"authenticity_token"=>"[FILTERED]", "video"=>{"title"=>"here virat six"}, "commit"=>"Create Video"}
  [1m[36mTRANSACTION (0.2ms)[0m  [1m[36mbegin transaction[0m
  â†³ app/controllers/videos_controller.rb:27:in `block in create'
  [1m[36mVideo Create (1.0ms)[0m  [1m[32mINSERT INTO "videos" ("title", "created_at", "updated_at") VALUES (?, ?, ?)[0m  [["title", "here virat six"], ["created_at", "2022-04-26 09:57:03.358323"], ["updated_at", "2022-04-26 09:57:03.358323"]]
  â†³ app/controllers/videos_controller.rb:27:in `block in create'
  [1m[36mTRANSACTION (73.2ms)[0m  [1m[36mcommit transaction[0m
  â†³ app/controllers/videos_controller.rb:27:in `block in create'
Redirected to http://localhost:3000/videos/6
Completed 302 Found in 123ms (ActiveRecord: 74.4ms | Allocations: 4916)


Started GET "/videos/6" for ::1 at 2022-04-26 15:27:03 +0530
Processing by VideosController#show as HTML
  Parameters: {"id"=>"6"}
  [1m[36mVideo Load (1.0ms)[0m  [1m[34mSELECT "videos".* FROM "videos" WHERE "videos"."id" = ? LIMIT ?[0m  [["id", 6], ["LIMIT", 1]]
  â†³ app/controllers/videos_controller.rb:63:in `set_video'
  Rendering layout layouts/application.html.erb
  Rendering videos/show.html.erb within layouts/application
  Rendered videos/show.html.erb within layouts/application (Duration: 3.9ms | Allocations: 298)
[Webpacker] Everything's up-to-date. Nothing to do
  Rendered layout layouts/application.html.erb (Duration: 13.4ms | Allocations: 3351)
Completed 200 OK in 36ms (Views: 14.8ms | ActiveRecord: 1.0ms | Allocations: 4911)


Started GET "/videos" for ::1 at 2022-04-26 15:27:09 +0530
Processing by VideosController#index as HTML
  Rendering layout layouts/application.html.erb
  Rendering videos/index.html.erb within layouts/application
  [1m[36mVideo Load (0.3ms)[0m  [1m[34mSELECT "videos".* FROM "videos"[0m
  â†³ app/views/videos/index.html.erb:15
  Rendered videos/index.html.erb within layouts/application (Duration: 5.9ms | Allocations: 1313)
[Webpacker] Everything's up-to-date. Nothing to do
  Rendered layout layouts/application.html.erb (Duration: 16.2ms | Allocations: 4931)
Completed 200 OK in 19ms (Views: 17.1ms | ActiveRecord: 0.3ms | Allocations: 5500)


Started GET "/videos/6/edit" for ::1 at 2022-04-26 15:27:11 +0530
Processing by VideosController#edit as HTML
  Parameters: {"id"=>"6"}
  [1m[36mVideo Load (0.6ms)[0m  [1m[34mSELECT "videos".* FROM "videos" WHERE "videos"."id" = ? LIMIT ?[0m  [["id", 6], ["LIMIT", 1]]
  â†³ app/controllers/videos_controller.rb:63:in `set_video'
  Rendering layout layouts/application.html.erb
  Rendering videos/edit.html.erb within layouts/application
  Rendered videos/_form.html.erb (Duration: 6.8ms | Allocations: 775)
  Rendered videos/edit.html.erb within layouts/application (Duration: 146.3ms | Allocations: 1616)
[Webpacker] Everything's up-to-date. Nothing to do
  Rendered layout layouts/application.html.erb (Duration: 163.4ms | Allocations: 4665)
Completed 200 OK in 176ms (Views: 165.2ms | ActiveRecord: 0.6ms | Allocations: 5797)


Started PATCH "/videos/6" for ::1 at 2022-04-26 15:30:50 +0530
Processing by VideosController#update as HTML
  Parameters: {"authenticity_token"=>"[FILTERED]", "video"=>{"title"=>"here virat six", "file"=>#<ActionDispatch::Http::UploadedFile:0x0000000004dc5c68 @tempfile=#<Tempfile:/tmp/RackMultipart20220426-16932-1tqfp4q.mp4>, @original_filename="virat kohli six status â¤ #short #tranding.mp4", @content_type="video/mp4", @headers="Content-Disposition: form-data; name=\"video[file]\"; filename=\"virat kohli six status \xE2\x9D\xA4 #short #tranding.mp4\"\r\nContent-Type: video/mp4\r\n">}, "commit"=>"Update Video", "id"=>"6"}
  [1m[36mVideo Load (0.8ms)[0m  [1m[34mSELECT "videos".* FROM "videos" WHERE "videos"."id" = ? LIMIT ?[0m  [["id", 6], ["LIMIT", 1]]
  â†³ app/controllers/videos_controller.rb:63:in `set_video'
  [1m[36mTRANSACTION (0.3ms)[0m  [1m[36mbegin transaction[0m
  â†³ app/controllers/videos_controller.rb:40:in `block in update'
  [1m[36mVideo Update (0.3ms)[0m  [1m[33mUPDATE "videos" SET "file" = ?, "updated_at" = ? WHERE "videos"."id" = ?[0m  [["file", "virat_kohli_six_status____short__tranding.mp4"], ["updated_at", "2022-04-26 10:00:50.570221"], ["id", 6]]
  â†³ app/controllers/videos_controller.rb:40:in `block in update'
  [1m[36mTRANSACTION (473.9ms)[0m  [1m[36mcommit transaction[0m
  â†³ app/controllers/videos_controller.rb:40:in `block in update'
Redirected to http://localhost:3000/videos/6
Completed 302 Found in 531ms (ActiveRecord: 475.3ms | Allocations: 6166)


Started GET "/videos/6" for ::1 at 2022-04-26 15:30:51 +0530
Processing by VideosController#show as HTML
  Parameters: {"id"=>"6"}
  [1m[36mVideo Load (0.5ms)[0m  [1m[34mSELECT "videos".* FROM "videos" WHERE "videos"."id" = ? LIMIT ?[0m  [["id", 6], ["LIMIT", 1]]
  â†³ app/controllers/videos_controller.rb:63:in `set_video'
  Rendering layout layouts/application.html.erb
  Rendering videos/show.html.erb within layouts/application
  Rendered videos/show.html.erb within layouts/application (Duration: 1.2ms | Allocations: 163)
[Webpacker] Everything's up-to-date. Nothing to do
  Rendered layout layouts/application.html.erb (Duration: 14.3ms | Allocations: 3215)
Completed 200 OK in 27ms (Views: 16.3ms | ActiveRecord: 0.5ms | Allocations: 4204)


